AH00558: apache2: Could not reliably determine the server's fully qualified domain name, using 172.18.0.4. Set the 'ServerName' directive globally to suppress this message
[Sun Feb 17 03:19:51.510976 2019] [mpm_prefork:notice] [pid 1] AH00163: Apache/2.4.25 (Debian) PHP/7.2.2 configured -- resuming normal operations
[Sun Feb 17 03:19:51.511344 2019] [core:notice] [pid 1] AH00094: Command line: 'apache2 -D FOREGROUND'
[Sun Feb 17 03:22:03.525772 2019] [mpm_prefork:notice] [pid 1] AH00173: SIGHUP received.  Attempting to restart
AH00558: apache2: Could not reliably determine the server's fully qualified domain name, using 172.18.0.4. Set the 'ServerName' directive globally to suppress this message
[Sun Feb 17 03:22:03.566539 2019] [mpm_prefork:notice] [pid 1] AH00163: Apache/2.4.25 (Debian) PHP/7.2.2 configured -- resuming normal operations
[Sun Feb 17 03:22:03.567143 2019] [core:notice] [pid 1] AH00094: Command line: 'apache2 -D FOREGROUND'
[Sun Feb 17 08:03:33.082894 2019] [mpm_prefork:notice] [pid 1] AH00169: caught SIGTERM, shutting down
AH00558: apache2: Could not reliably determine the server's fully qualified domain name, using 172.19.0.3. Set the 'ServerName' directive globally to suppress this message
[Sun Feb 17 08:03:56.944961 2019] [mpm_prefork:notice] [pid 1] AH00163: Apache/2.4.25 (Debian) PHP/7.2.2 configured -- resuming normal operations
[Sun Feb 17 08:03:56.946591 2019] [core:notice] [pid 1] AH00094: Command line: 'apache2 -D FOREGROUND'
[Sun Feb 17 08:05:32.931409 2019] [mpm_prefork:notice] [pid 1] AH00173: SIGHUP received.  Attempting to restart
AH00558: apache2: Could not reliably determine the server's fully qualified domain name, using 172.19.0.3. Set the 'ServerName' directive globally to suppress this message
[Sun Feb 17 08:05:33.002111 2019] [mpm_prefork:notice] [pid 1] AH00163: Apache/2.4.25 (Debian) PHP/7.2.2 configured -- resuming normal operations
[Sun Feb 17 08:05:33.003320 2019] [core:notice] [pid 1] AH00094: Command line: 'apache2 -D FOREGROUND'
[Sun Feb 17 09:56:34.104416 2019] [php7:error] [pid 6636] [client 172.19.0.1:38342] script '/var/www/html/test.php' not found or unable to stat
AH00558: apache2: Could not reliably determine the server's fully qualified domain name, using 172.19.0.4. Set the 'ServerName' directive globally to suppress this message
[Sun Feb 24 13:37:46.922276 2019] [mpm_prefork:notice] [pid 1] AH00163: Apache/2.4.25 (Debian) PHP/7.2.2 configured -- resuming normal operations
[Sun Feb 24 13:37:46.923693 2019] [core:notice] [pid 1] AH00094: Command line: 'apache2 -D FOREGROUND'
[Sun Feb 24 13:58:36.516193 2019] [mpm_prefork:notice] [pid 1] AH00169: caught SIGTERM, shutting down
AH00558: apache2: Could not reliably determine the server's fully qualified domain name, using 172.18.0.3. Set the 'ServerName' directive globally to suppress this message
[Sun Mar 03 13:21:30.677659 2019] [mpm_prefork:notice] [pid 1] AH00163: Apache/2.4.25 (Debian) PHP/7.2.2 configured -- resuming normal operations
[Sun Mar 03 13:21:30.679007 2019] [core:notice] [pid 1] AH00094: Command line: 'apache2 -D FOREGROUND'
[Sun Mar 03 13:25:39.984064 2019] [mpm_prefork:notice] [pid 1] AH00173: SIGHUP received.  Attempting to restart
AH00558: apache2: Could not reliably determine the server's fully qualified domain name, using 172.18.0.3. Set the 'ServerName' directive globally to suppress this message
[Sun Mar 03 13:25:40.024960 2019] [mpm_prefork:notice] [pid 1] AH00163: Apache/2.4.25 (Debian) PHP/7.2.2 configured -- resuming normal operations
[Sun Mar 03 13:25:40.025487 2019] [core:notice] [pid 1] AH00094: Command line: 'apache2 -D FOREGROUND'
